  interface.cpp
C:\Users\Саша\Desktop\1 курс 2 семестр\Программирование\LIST2\Project\interface.cpp(71,1): warning C4996: 'getch': The POSIX name for this item is deprecated. Instead, use the ISO C and C++ conformant name: _getch. See online help for details.
C:\Program Files (x86)\Windows Kits\10\Include\10.0.18362.0\ucrt\conio.h(453): message : см. объявление "getch"
C:\Users\Саша\Desktop\1 курс 2 семестр\Программирование\LIST2\Project\interface.cpp(153,1): warning C4996: 'fopen': This function or variable may be unsafe. Consider using fopen_s instead. To disable deprecation, use _CRT_SECURE_NO_WARNINGS. See online help for details.
C:\Program Files (x86)\Windows Kits\10\Include\10.0.18362.0\ucrt\stdio.h(208): message : см. объявление "fopen"
C:\Users\Саша\Desktop\1 курс 2 семестр\Программирование\LIST2\Project\interface.cpp(165,1): warning C4996: 'getch': The POSIX name for this item is deprecated. Instead, use the ISO C and C++ conformant name: _getch. See online help for details.
C:\Program Files (x86)\Windows Kits\10\Include\10.0.18362.0\ucrt\conio.h(453): message : см. объявление "getch"
C:\Users\Саша\Desktop\1 курс 2 семестр\Программирование\LIST2\Project\interface.cpp(173,1): warning C4996: 'fopen': This function or variable may be unsafe. Consider using fopen_s instead. To disable deprecation, use _CRT_SECURE_NO_WARNINGS. See online help for details.
C:\Program Files (x86)\Windows Kits\10\Include\10.0.18362.0\ucrt\stdio.h(208): message : см. объявление "fopen"
C:\Users\Саша\Desktop\1 курс 2 семестр\Программирование\LIST2\Project\interface.cpp(176,1): warning C4996: 'fscanf': This function or variable may be unsafe. Consider using fscanf_s instead. To disable deprecation, use _CRT_SECURE_NO_WARNINGS. See online help for details.
C:\Program Files (x86)\Windows Kits\10\Include\10.0.18362.0\ucrt\stdio.h(1197): message : см. объявление "fscanf"
C:\Users\Саша\Desktop\1 курс 2 семестр\Программирование\LIST2\Project\interface.cpp(179,1): warning C4996: 'getch': The POSIX name for this item is deprecated. Instead, use the ISO C and C++ conformant name: _getch. See online help for details.
C:\Program Files (x86)\Windows Kits\10\Include\10.0.18362.0\ucrt\conio.h(453): message : см. объявление "getch"
C:\Users\Саша\Desktop\1 курс 2 семестр\Программирование\LIST2\Project\interface.cpp(184,1): warning C4996: 'getch': The POSIX name for this item is deprecated. Instead, use the ISO C and C++ conformant name: _getch. See online help for details.
C:\Program Files (x86)\Windows Kits\10\Include\10.0.18362.0\ucrt\conio.h(453): message : см. объявление "getch"
C:\Users\Саша\Desktop\1 курс 2 семестр\Программирование\LIST2\Project\interface.cpp(196,1): warning C4996: 'getch': The POSIX name for this item is deprecated. Instead, use the ISO C and C++ conformant name: _getch. See online help for details.
C:\Program Files (x86)\Windows Kits\10\Include\10.0.18362.0\ucrt\conio.h(453): message : см. объявление "getch"
C:\Users\Саша\Desktop\1 курс 2 семестр\Программирование\LIST2\Project\interface.cpp(217,1): warning C4996: 'getch': The POSIX name for this item is deprecated. Instead, use the ISO C and C++ conformant name: _getch. See online help for details.
C:\Program Files (x86)\Windows Kits\10\Include\10.0.18362.0\ucrt\conio.h(453): message : см. объявление "getch"
C:\Users\Саша\Desktop\1 курс 2 семестр\Программирование\LIST2\Project\interface.cpp(228,1): warning C4996: 'getch': The POSIX name for this item is deprecated. Instead, use the ISO C and C++ conformant name: _getch. See online help for details.
C:\Program Files (x86)\Windows Kits\10\Include\10.0.18362.0\ucrt\conio.h(453): message : см. объявление "getch"
  list.cpp
  Создание кода...
  Project.vcxproj -> C:\Users\Саша\Desktop\1 курс 2 семестр\Программирование\LIST2\Project\Debug\Project.exe
